0 info it worked if it ends with ok
1 verbose cli [ '/usr/bin/nodejs', '/usr/bin/npm', 'install', 'gulp-cli', '-g' ]
2 info using npm@1.2.18
3 info using node@v0.10.15
4 verbose read json /usr/local/lib/package.json
5 verbose read json /usr/local/lib/package.json
6 verbose cache add [ 'gulp-cli', null ]
7 verbose cache add name=undefined spec="gulp-cli" args=["gulp-cli",null]
8 verbose parsed url { protocol: null,
8 verbose parsed url   slashes: null,
8 verbose parsed url   auth: null,
8 verbose parsed url   host: null,
8 verbose parsed url   port: null,
8 verbose parsed url   hostname: null,
8 verbose parsed url   hash: null,
8 verbose parsed url   search: null,
8 verbose parsed url   query: null,
8 verbose parsed url   pathname: 'gulp-cli',
8 verbose parsed url   path: 'gulp-cli',
8 verbose parsed url   href: 'gulp-cli' }
9 silly lockFile e23a8be8-gulp-cli gulp-cli
10 verbose lock gulp-cli /home/dong/.npm/e23a8be8-gulp-cli.lock
11 silly lockFile e23a8be8-gulp-cli gulp-cli
12 silly lockFile e23a8be8-gulp-cli gulp-cli
13 verbose addNamed [ 'gulp-cli', '' ]
14 verbose addNamed [ null, '*' ]
15 silly lockFile dd34a9c8-gulp-cli gulp-cli@
16 verbose lock gulp-cli@ /home/dong/.npm/dd34a9c8-gulp-cli.lock
17 silly addNameRange { name: 'gulp-cli', range: '*', hasData: false }
18 verbose url raw gulp-cli
19 verbose url resolving [ 'https://registry.npmjs.org/', './gulp-cli' ]
20 verbose url resolved https://registry.npmjs.org/gulp-cli
21 info trying registry request attempt 1 at 22:10:21
22 http GET https://registry.npmjs.org/gulp-cli
23 http 404 https://registry.npmjs.org/gulp-cli
24 silly registry.get cb [ 404,
24 silly registry.get   { date: 'Mon, 30 Jun 2014 14:10:24 GMT',
24 silly registry.get     server: 'CouchDB/1.5.0 (Erlang OTP/R14B04)',
24 silly registry.get     'content-type': 'application/json',
24 silly registry.get     'cache-control': 'max-age=0',
24 silly registry.get     'content-length': '52',
24 silly registry.get     'accept-ranges': 'bytes',
24 silly registry.get     via: '1.1 varnish',
24 silly registry.get     'x-served-by': 'cache-ty67-TYO',
24 silly registry.get     'x-cache': 'MISS',
24 silly registry.get     'x-cache-hits': '0',
24 silly registry.get     'x-timer': 'S1404137423.957317,VS0,VE129',
24 silly registry.get     'keep-alive': 'timeout=10, max=50',
24 silly registry.get     connection: 'Keep-Alive' } ]
25 silly lockFile dd34a9c8-gulp-cli gulp-cli@
26 silly lockFile dd34a9c8-gulp-cli gulp-cli@
27 error 404 'gulp-cli' is not in the npm registry.
27 error 404 You should bug the author to publish it
27 error 404
27 error 404 Note that you can also install from a
27 error 404 tarball, folder, or http url, or git url.
28 error System Linux 3.11.0-18-generic
29 error command "/usr/bin/nodejs" "/usr/bin/npm" "install" "gulp-cli" "-g"
30 error cwd /home/dong/projects/gulp-remote-src
31 error node -v v0.10.15
32 error npm -v 1.2.18
33 error code E404
34 verbose exit [ 1, true ]
